0 info it worked if it ends with ok
1 verbose cli [ '/usr/bin/node',
1 verbose cli   '/usr/bin/npm',
1 verbose cli   'install',
1 verbose cli   '-g',
1 verbose cli   '@squarespace-server' ]
2 info using npm@4.1.2
3 info using node@v6.9.4
4 silly loadCurrentTree Starting
5 silly install loadCurrentTree
6 silly install readGlobalPackageData
7 silly fetchPackageMetaData @squarespace-server
8 silly fetchOtherPackageData @squarespace-server
9 silly cache add args [ '@squarespace-server', null ]
10 verbose cache add spec @squarespace-server
11 silly cache add parsed spec Result {
11 silly cache add   raw: '@squarespace-server',
11 silly cache add   scope: null,
11 silly cache add   escapedName: null,
11 silly cache add   name: null,
11 silly cache add   rawSpec: '@squarespace-server',
11 silly cache add   spec: '/home/jmangel/halo/halo-home/template/@squarespace-server',
11 silly cache add   type: 'local' }
12 error addLocal Could not install /home/jmangel/halo/halo-home/template/@squarespace-server
13 silly fetchPackageMetaData Error: ENOENT: no such file or directory, open '/home/jmangel/halo/halo-home/template/@squarespace-server'
13 silly fetchPackageMetaData     at Error (native)
13 silly fetchPackageMetaData  error for @squarespace-server { Error: ENOENT: no such file or directory, open '/home/jmangel/halo/halo-home/template/@squarespace-server'
13 silly fetchPackageMetaData     at Error (native)
13 silly fetchPackageMetaData   errno: -2,
13 silly fetchPackageMetaData   code: 'ENOENT',
13 silly fetchPackageMetaData   syscall: 'open',
13 silly fetchPackageMetaData   path: '/home/jmangel/halo/halo-home/template/@squarespace-server' }
14 silly rollbackFailedOptional Starting
15 verbose stack TypeError: Cannot read property 'path' of null
15 verbose stack     at Object.Installer.rollbackFailedOptional (/usr/lib/node_modules/npm/lib/install.js:511:29)
15 verbose stack     at Array.<anonymous> (/usr/lib/node_modules/npm/node_modules/slide/lib/bind-actor.js:15:8)
15 verbose stack     at LOOP (/usr/lib/node_modules/npm/node_modules/slide/lib/chain.js:15:14)
15 verbose stack     at /usr/lib/node_modules/npm/node_modules/slide/lib/chain.js:18:7
15 verbose stack     at /usr/lib/node_modules/npm/lib/install.js:337:5
15 verbose stack     at Array.<anonymous> (/usr/lib/node_modules/npm/node_modules/slide/lib/bind-actor.js:15:8)
15 verbose stack     at LOOP (/usr/lib/node_modules/npm/node_modules/slide/lib/chain.js:15:14)
15 verbose stack     at chain (/usr/lib/node_modules/npm/node_modules/slide/lib/chain.js:20:5)
15 verbose stack     at /usr/lib/node_modules/npm/lib/install.js:294:5
15 verbose stack     at /usr/lib/node_modules/npm/node_modules/slide/lib/chain.js:16:22
16 verbose cwd /home/jmangel/halo/halo-home/template
17 error Linux 4.8.6-300.fc25.x86_64
18 error argv "/usr/bin/node" "/usr/bin/npm" "install" "-g" "@squarespace-server"
19 error node v6.9.4
20 error npm  v4.1.2
21 error Cannot read property 'path' of null
22 error If you need help, you may report this error at:
22 error     <https://github.com/npm/npm/issues>
23 verbose exit [ 1, true ]
